<?xml version="1.0" encoding="UTF-8"?>
<testsuite name="com.bankaccount.BankAccountTest" tests="4" skipped="0" failures="0" errors="0" timestamp="2021-01-26T20:02:30" hostname="LTUS135768" time="0.007">
  <properties/>
  <testcase name="withdraw" classname="com.bankaccount.BankAccountTest" time="0.004"/>
  <testcase name="depositInMyAccount" classname="com.bankaccount.BankAccountTest" time="0.0"/>
  <testcase name="createAnAccountWithBalance25" classname="com.bankaccount.BankAccountTest" time="0.0"/>
  <testcase name="withdrawWithMinimunBalance" classname="com.bankaccount.BankAccountTest" time="0.001"/>
  <system-out><![CDATA[]]></system-out>
  <system-err><![CDATA[]]></system-err>
</testsuite>
