<?xml version="1.0" encoding="UTF-8"?>
<testsuite name="com.bankaccount.BankAccountTest" tests="1" skipped="0" failures="0" errors="0" timestamp="2021-01-26T19:30:29" hostname="LTUS135768" time="0.003">
  <properties/>
  <testcase name="depositInMyAccount" classname="com.bankaccount.BankAccountTest" time="0.003"/>
  <system-out><![CDATA[]]></system-out>
  <system-err><![CDATA[]]></system-err>
</testsuite>
